<?xml version="1.0" encoding="UTF-8"?>
<!-- Generated by org.testng.reporters.JUnitReportReporter -->
<testsuite hostname="VarunGowda-PC" name="Muharram.DemoB" tests="2" failures="0" timestamp="22 Sep 2018 14:03:57 GMT" time="0.009" errors="0">
  <testcase name="testB2" time="0.006" classname="Muharram.DemoB"/>
  <testcase name="testB1" time="0.003" classname="Muharram.DemoB"/>
</testsuite> <!-- Muharram.DemoB -->
