<?xml version="1.0" encoding="UTF-8"?>
<!-- Generated by org.testng.reporters.JUnitReportReporter -->
<testsuite hostname="VarunGowda-PC" name="Muharram.DemoC" tests="2" failures="0" timestamp="24 Sep 2018 03:26:25 GMT" time="0.062" errors="0">
  <testcase name="createUser" time="0.047" classname="Muharram.DemoC"/>
  <testcase name="createUser" time="0.015" classname="Muharram.DemoC"/>
</testsuite> <!-- Muharram.DemoC -->
