<?xml version="1.0" encoding="UTF-8"?>
<!-- Generated by org.testng.reporters.JUnitReportReporter -->
<testsuite hostname="VarunGowda-PC" name="Muharram.DemoA" tests="1" failures="0" timestamp="22 Sep 2018 14:03:57 GMT" time="0.011" errors="0">
  <testcase name="testA1" time="0.011" classname="Muharram.DemoA"/>
</testsuite> <!-- Muharram.DemoA -->
