<?xml version="1.0" encoding="UTF-8"?>
<!-- Generated by org.testng.reporters.JUnitReportReporter -->
<testsuite hostname="VarunGowda-PC" name="TestNGEx.DemoA" tests="4" failures="0" timestamp="22 Sep 2018 14:01:23 GMT" time="0.019" errors="0">
  <testcase name="editUser" time="0.001" classname="TestNGEx.DemoA"/>
  <testcase name="createUser" time="0.009" classname="TestNGEx.DemoA"/>
  <testcase name="editUser" time="0.001" classname="TestNGEx.DemoA"/>
  <testcase name="editUser" time="0.008" classname="TestNGEx.DemoA"/>
</testsuite> <!-- TestNGEx.DemoA -->
