<?xml version="1.0" encoding="UTF-8"?>
<!-- Generated by org.testng.reporters.JUnitReportReporter -->
<testsuite hostname="VarunGowda-PC" name="TestNGEx.DemoC" tests="1" failures="0" timestamp="20 Sep 2018 08:14:32 GMT" time="0.018" errors="0">
  <testcase name="testC" time="0.018" classname="TestNGEx.DemoC"/>
</testsuite> <!-- TestNGEx.DemoC -->
