<?xml version="1.0" encoding="UTF-8"?>
<!-- Generated by org.testng.reporters.JUnitReportReporter -->
<testsuite hostname="VarunGowda-PC" name="SeleniuGrid.TestNGParameter" tests="1" failures="0" timestamp="18 Nov 2018 14:37:27 GMT" time="0.033" errors="0">
  <testcase name="testA" time="0.033" classname="SeleniuGrid.TestNGParameter"/>
</testsuite> <!-- SeleniuGrid.TestNGParameter -->
