<?xml version="1.0" encoding="UTF-8"?>
<!-- Generated by org.testng.reporters.JUnitReportReporter -->
<testsuite hostname="VarunGowda-PC" name="Muharram.TestNGGroups" tests="2" failures="0" timestamp="24 Sep 2018 03:50:36 GMT" time="0.031" errors="0">
  <testcase name="creatProduct" time="0.016" classname="Muharram.TestNGGroups"/>
  <testcase name="deleteProduct" time="0.015" classname="Muharram.TestNGGroups"/>
</testsuite> <!-- Muharram.TestNGGroups -->
