<?xml version="1.0" encoding="UTF-8"?>
<!-- Generated by org.testng.reporters.JUnitReportReporter -->
<testsuite hostname="VarunGowda-PC" name="TestNGEx.DemoB" tests="1" failures="0" timestamp="18 Nov 2018 14:16:48 GMT" time="0.032" errors="0">
  <testcase name="testB" time="0.032" classname="TestNGEx.DemoB"/>
</testsuite> <!-- TestNGEx.DemoB -->
